TN:
SF:/Users/rohit.kawade/Documents/Projects/heroes/src/polyfills.ts
FNF:0
FNH:0
LF:0
LH:0
BRF:0
BRH:0
end_of_record
TN:
SF:/Users/rohit.kawade/Documents/Projects/heroes/src/test.ts
FNF:0
FNH:0
DA:13,1
DA:18,1
DA:20,1
LF:3
LH:3
BRF:0
BRH:0
end_of_record
TN:
SF:/Users/rohit.kawade/Documents/Projects/heroes/src/app/app.component.ts
FN:8,(anonymous_0)
FN:3,AppComponent
FNF:2
FNH:2
FNDA:1,(anonymous_0)
FNDA:3,AppComponent
DA:8,1
DA:9,3
DA:10,1
LF:3
LH:3
BRF:0
BRH:0
end_of_record
TN:
SF:/Users/rohit.kawade/Documents/Projects/heroes/src/app/hero-list/hero-list.component.ts
FN:11,(anonymous_0)
FN:14,HeroListComponent
FN:17,(anonymous_2)
FN:26,(anonymous_3)
FN:27,(anonymous_4)
FN:33,(anonymous_5)
FNF:6
FNH:4
FNDA:1,(anonymous_0)
FNDA:5,HeroListComponent
FNDA:5,(anonymous_2)
FNDA:6,(anonymous_3)
FNDA:0,(anonymous_4)
FNDA:0,(anonymous_5)
DA:11,1
DA:12,5
DA:14,5
DA:15,5
DA:17,1
DA:18,5
DA:19,5
DA:20,0
DA:22,5
DA:26,6
DA:27,6
DA:28,0
DA:29,0
DA:33,1
DA:36,1
LF:15
LH:12
BRDA:19,0,0,0
BRDA:19,0,1,5
BRDA:19,1,0,5
BRDA:19,1,1,0
BRF:4
BRH:2
end_of_record
TN:
SF:/Users/rohit.kawade/Documents/Projects/heroes/src/app/hero-list/hero-list.service.ts
FN:6,(anonymous_0)
FN:8,HeroListService
FN:11,(anonymous_2)
FNF:3
FNH:3
FNDA:1,(anonymous_0)
FNDA:5,HeroListService
FNDA:6,(anonymous_2)
DA:6,1
DA:8,5
DA:11,1
DA:12,6
DA:14,1
LF:5
LH:5
BRF:0
BRH:0
end_of_record
